2023-04-21 12:24:01.060 [main] INFO  Application() - Starting Application on 07f5dde96fc0 with PID 7 (/dist/apps/WeBASE-Sign.jar started by root in /dist)
2023-04-21 12:24:01.064 [main] INFO  Application() - No active profile set, falling back to default profiles: default
2023-04-21 12:24:01.101 [main] INFO  AnnotationConfigEmbeddedWebApplicationContext() - Refreshing org.springframework.boot.context.embedded.AnnotationConfigEmbeddedWebApplicationContext@4b8d604b: startup date [Fri Apr 21 12:24:01 CST 2023]; root of context hierarchy
2023-04-21 12:24:01.360 [background-preinit] INFO  Version() - HV000001: Hibernate Validator 5.3.6.Final
2023-04-21 12:24:08.005 [main] INFO  TomcatEmbeddedServletContainer() - Tomcat initialized with port(s): 5004 (http)
2023-04-21 12:24:08.127 [localhost-startStop-1] INFO  ContextLoader() - Root WebApplicationContext: initialization completed in 7028 ms
2023-04-21 12:24:08.218 [localhost-startStop-1] INFO  ServletRegistrationBean() - Mapping servlet: 'dispatcherServlet' to [/]
2023-04-21 12:24:08.221 [localhost-startStop-1] INFO  FilterRegistrationBean() - Mapping filter: 'characterEncodingFilter' to: [/*]
2023-04-21 12:24:08.221 [localhost-startStop-1] INFO  FilterRegistrationBean() - Mapping filter: 'hiddenHttpMethodFilter' to: [/*]
2023-04-21 12:24:08.221 [localhost-startStop-1] INFO  FilterRegistrationBean() - Mapping filter: 'httpPutFormContentFilter' to: [/*]
2023-04-21 12:24:08.221 [localhost-startStop-1] INFO  FilterRegistrationBean() - Mapping filter: 'requestContextFilter' to: [/*]
2023-04-21 12:24:09.787 [main] INFO  RequestMappingHandlerMapping() - Mapped "{[/sign],methods=[POST]}" onto public com.webank.webase.sign.pojo.vo.BaseRspVo com.webank.webase.sign.api.controller.SignController.signStandard(com.webank.webase.sign.pojo.vo.ReqEncodeInfoVo,org.springframework.validation.BindingResult) throws com.webank.webase.sign.exception.BaseException
2023-04-21 12:24:09.789 [main] INFO  RequestMappingHandlerMapping() - Mapped "{[/version],methods=[GET]}" onto public java.lang.String com.webank.webase.sign.api.controller.VersionController.getServerVersion()
2023-04-21 12:24:09.792 [main] INFO  RequestMappingHandlerMapping() - Mapped "{[/user/{signUserId}/userInfo],methods=[GET]}" onto public com.webank.webase.sign.pojo.vo.BaseRspVo com.webank.webase.sign.api.controller.UserController.getUserInfo(java.lang.String,boolean) throws com.webank.webase.sign.exception.BaseException
2023-04-21 12:24:09.792 [main] INFO  RequestMappingHandlerMapping() - Mapped "{[/user/all],methods=[DELETE]}" onto public com.webank.webase.sign.pojo.vo.BaseRspVo com.webank.webase.sign.api.controller.UserController.deleteAllUserCache()
2023-04-21 12:24:09.792 [main] INFO  RequestMappingHandlerMapping() - Mapped "{[/user/newUser],methods=[GET]}" onto public com.webank.webase.sign.pojo.vo.BaseRspVo com.webank.webase.sign.api.controller.UserController.newUser(java.lang.String,java.lang.String,java.lang.Integer,boolean) throws com.webank.webase.sign.exception.BaseException
2023-04-21 12:24:09.792 [main] INFO  RequestMappingHandlerMapping() - Mapped "{[/user/newUser],methods=[POST]}" onto public com.webank.webase.sign.pojo.vo.BaseRspVo com.webank.webase.sign.api.controller.UserController.newUserByImportPrivateKey(com.webank.webase.sign.pojo.vo.ReqNewUserVo,org.springframework.validation.BindingResult) throws com.webank.webase.sign.exception.BaseException
2023-04-21 12:24:09.793 [main] INFO  RequestMappingHandlerMapping() - Mapped "{[/user/list/{appId}/{pageNumber}/{pageSize}],methods=[GET]}" onto public com.webank.webase.sign.pojo.vo.BaseRspVo com.webank.webase.sign.api.controller.UserController.getUserListByAppId(java.lang.String,java.lang.Integer,java.lang.Integer,boolean) throws com.webank.webase.sign.exception.BaseException
2023-04-21 12:24:09.793 [main] INFO  RequestMappingHandlerMapping() - Mapped "{[/user],methods=[DELETE]}" onto public com.webank.webase.sign.pojo.vo.BaseRspVo com.webank.webase.sign.api.controller.UserController.deleteUser(com.webank.webase.sign.pojo.vo.ReqUserInfoVo) throws com.webank.webase.sign.exception.BaseException
2023-04-21 12:24:09.793 [main] INFO  RequestMappingHandlerMapping() - Mapped "{[/user/all-credential],methods=[DELETE]}" onto public com.webank.webase.sign.pojo.vo.BaseRspVo com.webank.webase.sign.api.controller.UserController.deleteCredentialCache()
2023-04-21 12:24:09.796 [main] INFO  RequestMappingHandlerMapping() - Mapped "{[/swagger-resources/configuration/ui]}" onto public org.springframework.http.ResponseEntity<springfox.documentation.swagger.web.UiConfiguration> springfox.documentation.swagger.web.ApiResourceController.uiConfiguration()
2023-04-21 12:24:09.796 [main] INFO  RequestMappingHandlerMapping() - Mapped "{[/swagger-resources]}" onto public org.springframework.http.ResponseEntity<java.util.List<springfox.documentation.swagger.web.SwaggerResource>> springfox.documentation.swagger.web.ApiResourceController.swaggerResources()
2023-04-21 12:24:09.797 [main] INFO  RequestMappingHandlerMapping() - Mapped "{[/swagger-resources/configuration/security]}" onto public org.springframework.http.ResponseEntity<springfox.documentation.swagger.web.SecurityConfiguration> springfox.documentation.swagger.web.ApiResourceController.securityConfiguration()
2023-04-21 12:24:09.799 [main] INFO  RequestMappingHandlerMapping() - Mapped "{[/error]}" onto public org.springframework.http.ResponseEntity<java.util.Map<java.lang.String, java.lang.Object>> org.springframework.boot.autoconfigure.web.BasicErrorController.error(javax.servlet.http.HttpServletRequest)
2023-04-21 12:24:09.799 [main] INFO  RequestMappingHandlerMapping() - Mapped "{[/error],produces=[text/html]}" onto public org.springframework.web.servlet.ModelAndView org.springframework.boot.autoconfigure.web.BasicErrorController.errorHtml(javax.servlet.http.HttpServletRequest,javax.servlet.http.HttpServletResponse)
2023-04-21 12:24:09.905 [main] INFO  PropertySourcedRequestMappingHandlerMapping() - Mapped URL path [/v2/api-docs] onto method [public org.springframework.http.ResponseEntity<springfox.documentation.spring.web.json.Json> springfox.documentation.swagger2.web.Swagger2Controller.getDocumentation(java.lang.String,javax.servlet.http.HttpServletRequest)]
2023-04-21 12:24:10.007 [main] INFO  RequestMappingHandlerAdapter() - Looking for @ControllerAdvice: org.springframework.boot.context.embedded.AnnotationConfigEmbeddedWebApplicationContext@4b8d604b: startup date [Fri Apr 21 12:24:01 CST 2023]; root of context hierarchy
2023-04-21 12:24:10.049 [main] INFO  SimpleUrlHandlerMapping() - Mapped URL path [/webjars/**] onto handler of type [class org.springframework.web.servlet.resource.ResourceHttpRequestHandler]
2023-04-21 12:24:10.049 [main] INFO  SimpleUrlHandlerMapping() - Mapped URL path [/**] onto handler of type [class org.springframework.web.servlet.resource.ResourceHttpRequestHandler]
2023-04-21 12:24:10.059 [main] INFO  ExceptionHandlerExceptionResolver() - Detected @ExceptionHandler methods in exceptionsHandler
2023-04-21 12:24:10.075 [main] INFO  SimpleUrlHandlerMapping() - Mapped URL path [/**/favicon.ico] onto handler of type [class org.springframework.web.servlet.resource.ResourceHttpRequestHandler]
2023-04-21 12:24:10.305 [main] INFO  AnnotationMBeanExporter() - Registering beans for JMX exposure on startup
2023-04-21 12:24:10.312 [main] INFO  DefaultLifecycleProcessor() - Starting beans in phase 2147483647
2023-04-21 12:24:10.312 [main] INFO  DocumentationPluginsBootstrapper() - Context refreshed
2023-04-21 12:24:10.329 [main] INFO  DocumentationPluginsBootstrapper() - Found 1 custom documentation plugin(s)
2023-04-21 12:24:10.351 [main] INFO  ApiListingReferenceScanner() - Scanning for api listing references
2023-04-21 12:24:10.458 [main] INFO  ScheduledAnnotationBeanPostProcessor() - No TaskScheduler/ScheduledExecutorService bean found for scheduled processing
2023-04-21 12:24:10.505 [main] INFO  TomcatEmbeddedServletContainer() - Tomcat started on port(s): 5004 (http)
2023-04-21 12:24:10.508 [main] INFO  Application() - Started Application in 9.753 seconds (JVM running for 10.478)
2023-04-21 12:24:10.508 [main] INFO  Application() - main run success...
